# JRE version: OpenJDK Runtime Environment (17.0.6) (build 17.0.6+0-b2043.56-10027231)
# Java VM: OpenJDK 64-Bit Server VM (17.0.6+0-b2043.56-10027231, mixed mode, tiered, compressed oops, compressed class ptrs, g1 gc, windows-amd64)
GC Precious Log:
 CPUs: 4 total, 4 available
 Memory: 3753M
 Large Page Support: Disabled
 NUMA Support: Disabled
 Compressed Oops: Enabled (32-bit)
 Heap Region Size: 1M
 Heap Min Capacity: 8M
 Heap Initial Capacity: 60M
 Heap Max Capacity: 940M
 Pre-touch: Disabled
 Parallel Workers: 4
 Concurrent Workers: 1
 Concurrent Refinement Workers: 4
 Periodic GC: Disabled
Heap:
 garbage-first heap   total 116736K, used 59394K [0x00000000c5400000, 0x0000000100000000)
  region size 1024K, 9 young (9216K), 1 survivors (1024K)
 Metaspace       used 62127K, committed 62400K, reserved 1105920K
  class space    used 7367K, committed 7488K, reserved 1048576K
GC Heap History (20 events):
Event: 9.086 GC heap before
{Heap before GC invocations=13 (full 0):
 garbage-first heap   total 65536K, used 41019K [0x00000000c5400000, 0x0000000100000000)
  region size 1024K, 17 young (17408K), 3 survivors (3072K)
 Metaspace       used 29458K, committed 29696K, reserved 1081344K
  class space    used 3747K, committed 3840K, reserved 1048576K
}
Event: 9.100 GC heap after
{Heap after GC invocations=14 (full 0):
 garbage-first heap   total 65536K, used 28929K [0x00000000c5400000, 0x0000000100000000)
  region size 1024K, 1 young (1024K), 1 survivors (1024K)
 Metaspace       used 29458K, committed 29696K, reserved 1081344K
  class space    used 3747K, committed 3840K, reserved 1048576K
}
Event: 9.427 GC heap before
{Heap before GC invocations=14 (full 0):
 garbage-first heap   total 65536K, used 33025K [0x00000000c5400000, 0x0000000100000000)
  region size 1024K, 6 young (6144K), 1 survivors (1024K)
 Metaspace       used 30301K, committed 30528K, reserved 1081344K
  class space    used 3842K, committed 3904K, reserved 1048576K
}
Event: 9.433 GC heap after
{Heap after GC invocations=15 (full 0):
 garbage-first heap   total 65536K, used 29389K [0x00000000c5400000, 0x0000000100000000)
  region size 1024K, 2 young (2048K), 2 survivors (2048K)
 Metaspace       used 30301K, committed 30528K, reserved 1081344K
  class space    used 3842K, committed 3904K, reserved 1048576K
}
Event: 9.464 GC heap before
{Heap before GC invocations=15 (full 0):
 garbage-first heap   total 65536K, used 35533K [0x00000000c5400000, 0x0000000100000000)
  region size 1024K, 2 young (2048K), 2 survivors (2048K)
 Metaspace       used 30301K, committed 30528K, reserved 1081344K
  class space    used 3842K, committed 3904K, reserved 1048576K
}
Event: 9.471 GC heap after
{Heap after GC invocations=16 (full 0):
 garbage-first heap   total 116736K, used 35621K [0x00000000c5400000, 0x0000000100000000)
  region size 1024K, 2 young (2048K), 2 survivors (2048K)
 Metaspace       used 30301K, committed 30528K, reserved 1081344K
  class space    used 3842K, committed 3904K, reserved 1048576K
}
Event: 12.910 GC heap before
{Heap before GC invocations=16 (full 0):
 garbage-first heap   total 116736K, used 76581K [0x00000000c5400000, 0x0000000100000000)
  region size 1024K, 39 young (39936K), 2 survivors (2048K)
 Metaspace       used 37300K, committed 37568K, reserved 1089536K
  class space    used 4522K, committed 4672K, reserved 1048576K
}
Event: 12.931 GC heap after
{Heap after GC invocations=17 (full 0):
 garbage-first heap   total 116736K, used 42500K [0x00000000c5400000, 0x0000000100000000)
  region size 1024K, 5 young (5120K), 5 survivors (5120K)
 Metaspace       used 37300K, committed 37568K, reserved 1089536K
  class space    used 4522K, committed 4672K, reserved 1048576K
}
Event: 14.251 GC heap before
{Heap before GC invocations=17 (full 0):
 garbage-first heap   total 116736K, used 60932K [0x00000000c5400000, 0x0000000100000000)
  region size 1024K, 24 young (24576K), 5 survivors (5120K)
 Metaspace       used 41675K, committed 41920K, reserved 1089536K
  class space    used 5061K, committed 5184K, reserved 1048576K
}
Event: 14.273 GC heap after
{Heap after GC invocations=18 (full 0):
 garbage-first heap   total 116736K, used 44199K [0x00000000c5400000, 0x0000000100000000)
  region size 1024K, 2 young (2048K), 2 survivors (2048K)
 Metaspace       used 41675K, committed 41920K, reserved 1089536K
  class space    used 5061K, committed 5184K, reserved 1048576K
}
Event: 15.407 GC heap before
{Heap before GC invocations=19 (full 0):
 garbage-first heap   total 116736K, used 83111K [0x00000000c5400000, 0x0000000100000000)
  region size 1024K, 39 young (39936K), 2 survivors (2048K)
 Metaspace       used 43383K, committed 43648K, reserved 1089536K
  class space    used 5245K, committed 5376K, reserved 1048576K
}
Event: 15.422 GC heap after
{Heap after GC invocations=20 (full 0):
 garbage-first heap   total 116736K, used 45935K [0x00000000c5400000, 0x0000000100000000)
  region size 1024K, 4 young (4096K), 4 survivors (4096K)
 Metaspace       used 43383K, committed 43648K, reserved 1089536K
  class space    used 5245K, committed 5376K, reserved 1048576K
}
Event: 15.463 GC heap before
{Heap before GC invocations=20 (full 0):
 garbage-first heap   total 116736K, used 46959K [0x00000000c5400000, 0x0000000100000000)
  region size 1024K, 5 young (5120K), 4 survivors (4096K)
 Metaspace       used 43615K, committed 43904K, reserved 1089536K
  class space    used 5265K, committed 5376K, reserved 1048576K
}
Event: 15.475 GC heap after
{Heap after GC invocations=21 (full 0):
 garbage-first heap   total 116736K, used 45595K [0x00000000c5400000, 0x0000000100000000)
  region size 1024K, 1 young (1024K), 1 survivors (1024K)
 Metaspace       used 43615K, committed 43904K, reserved 1089536K
  class space    used 5265K, committed 5376K, reserved 1048576K
}
Event: 18.323 GC heap before
{Heap before GC invocations=21 (full 0):
 garbage-first heap   total 116736K, used 85531K [0x00000000c5400000, 0x0000000100000000)
  region size 1024K, 40 young (40960K), 1 survivors (1024K)
 Metaspace       used 51780K, committed 52032K, reserved 1097728K
  class space    used 6305K, committed 6400K, reserved 1048576K
}
Event: 18.346 GC heap after
{Heap after GC invocations=22 (full 0):
 garbage-first heap   total 116736K, used 48915K [0x00000000c5400000, 0x0000000100000000)
  region size 1024K, 4 young (4096K), 4 survivors (4096K)
 Metaspace       used 51780K, committed 52032K, reserved 1097728K
  class space    used 6305K, committed 6400K, reserved 1048576K
}
Event: 20.739 GC heap before
{Heap before GC invocations=23 (full 0):
 garbage-first heap   total 116736K, used 88851K [0x00000000c5400000, 0x0000000100000000)
  region size 1024K, 43 young (44032K), 4 survivors (4096K)
 Metaspace       used 59739K, committed 60032K, reserved 1105920K
  class space    used 7166K, committed 7296K, reserved 1048576K
}
Event: 20.770 GC heap after
{Heap after GC invocations=24 (full 0):
 garbage-first heap   total 116736K, used 52501K [0x00000000c5400000, 0x0000000100000000)
  region size 1024K, 4 young (4096K), 4 survivors (4096K)
 Metaspace       used 59739K, committed 60032K, reserved 1105920K
  class space    used 7166K, committed 7296K, reserved 1048576K
}
Event: 20.814 GC heap before
{Heap before GC invocations=24 (full 0):
 garbage-first heap   total 116736K, used 52501K [0x00000000c5400000, 0x0000000100000000)
  region size 1024K, 5 young (5120K), 4 survivors (4096K)
 Metaspace       used 60019K, committed 60288K, reserved 1105920K
  class space    used 7197K, committed 7296K, reserved 1048576K
}
Event: 20.829 GC heap after
{Heap after GC invocations=25 (full 0):
 garbage-first heap   total 116736K, used 52226K [0x00000000c5400000, 0x0000000100000000)
  region size 1024K, 1 young (1024K), 1 survivors (1024K)
 Metaspace       used 60019K, committed 60288K, reserved 1105920K
  class space    used 7197K, committed 7296K, reserved 1048576K
}

