# JRE version: OpenJDK Runtime Environment (17.0.6) (build 17.0.6+0-b2043.56-10027231)
# Java VM: OpenJDK 64-Bit Server VM (17.0.6+0-b2043.56-10027231, mixed mode, tiered, compressed oops, compressed class ptrs, g1 gc, windows-amd64)
GC Precious Log:
 CPUs: 4 total, 4 available
 Memory: 3753M
 Large Page Support: Disabled
 NUMA Support: Disabled
 Compressed Oops: Enabled (Zero based)
 Heap Region Size: 4M
 Heap Min Capacity: 8M
 Heap Initial Capacity: 60M
 Heap Max Capacity: 8G
 Pre-touch: Disabled
 Parallel Workers: 4
 Concurrent Workers: 1
 Concurrent Refinement Workers: 4
 Periodic GC: Disabled
Heap:
 garbage-first heap   total 548864K, used 285205K [0x0000000600000000, 0x0000000800000000)
  region size 4096K, 2 young (8192K), 2 survivors (8192K)
 Metaspace       used 133264K, committed 134272K, reserved 1171456K
  class space    used 18364K, committed 18816K, reserved 1048576K
GC Heap History (20 events):
Event: 56.423 GC heap after
{Heap after GC invocations=47 (full 0):
 garbage-first heap   total 290816K, used 144211K [0x0000000600000000, 0x0000000800000000)
  region size 4096K, 3 young (12288K), 3 survivors (12288K)
 Metaspace       used 107801K, committed 108672K, reserved 1146880K
  class space    used 14963K, committed 15360K, reserved 1048576K
}
Event: 60.141 GC heap before
{Heap before GC invocations=48 (full 0):
 garbage-first heap   total 290816K, used 230227K [0x0000000600000000, 0x0000000800000000)
  region size 4096K, 24 young (98304K), 3 survivors (12288K)
 Metaspace       used 114497K, committed 115392K, reserved 1155072K
  class space    used 15974K, committed 16384K, reserved 1048576K
}
Event: 60.184 GC heap after
{Heap after GC invocations=49 (full 0):
 garbage-first heap   total 290816K, used 150125K [0x0000000600000000, 0x0000000800000000)
  region size 4096K, 2 young (8192K), 2 survivors (8192K)
 Metaspace       used 114497K, committed 115392K, reserved 1155072K
  class space    used 15974K, committed 16384K, reserved 1048576K
}
Event: 62.410 GC heap before
{Heap before GC invocations=49 (full 0):
 garbage-first heap   total 290816K, used 232045K [0x0000000600000000, 0x0000000800000000)
  region size 4096K, 22 young (90112K), 2 survivors (8192K)
 Metaspace       used 119106K, committed 120064K, reserved 1155072K
  class space    used 16566K, committed 17024K, reserved 1048576K
}
Event: 62.434 GC heap after
{Heap after GC invocations=50 (full 0):
 garbage-first heap   total 352256K, used 154899K [0x0000000600000000, 0x0000000800000000)
  region size 4096K, 3 young (12288K), 3 survivors (12288K)
 Metaspace       used 119106K, committed 120064K, reserved 1155072K
  class space    used 16566K, committed 17024K, reserved 1048576K
}
Event: 67.176 GC heap before
{Heap before GC invocations=51 (full 0):
 garbage-first heap   total 352256K, used 277779K [0x0000000600000000, 0x0000000800000000)
  region size 4096K, 34 young (139264K), 3 survivors (12288K)
 Metaspace       used 122866K, committed 123840K, reserved 1163264K
  class space    used 16969K, committed 17408K, reserved 1048576K
}
Event: 67.211 GC heap after
{Heap after GC invocations=52 (full 0):
 garbage-first heap   total 352256K, used 159809K [0x0000000600000000, 0x0000000800000000)
  region size 4096K, 4 young (16384K), 4 survivors (16384K)
 Metaspace       used 122866K, committed 123840K, reserved 1163264K
  class space    used 16969K, committed 17408K, reserved 1048576K
}
Event: 70.382 GC heap before
{Heap before GC invocations=52 (full 0):
 garbage-first heap   total 352256K, used 286785K [0x0000000600000000, 0x0000000800000000)
  region size 4096K, 35 young (143360K), 4 survivors (16384K)
 Metaspace       used 125575K, committed 126528K, reserved 1163264K
  class space    used 17279K, committed 17728K, reserved 1048576K
}
Event: 70.481 GC heap after
{Heap after GC invocations=53 (full 0):
 garbage-first heap   total 352256K, used 175672K [0x0000000600000000, 0x0000000800000000)
  region size 4096K, 5 young (20480K), 5 survivors (20480K)
 Metaspace       used 125575K, committed 126528K, reserved 1163264K
  class space    used 17279K, committed 17728K, reserved 1048576K
}
Event: 72.952 GC heap before
{Heap before GC invocations=53 (full 0):
 garbage-first heap   total 352256K, used 278072K [0x0000000600000000, 0x0000000800000000)
  region size 4096K, 31 young (126976K), 5 survivors (20480K)
 Metaspace       used 130205K, committed 131200K, reserved 1163264K
  class space    used 17922K, committed 18368K, reserved 1048576K
}
Event: 73.070 GC heap after
{Heap after GC invocations=54 (full 0):
 garbage-first heap   total 352256K, used 196569K [0x0000000600000000, 0x0000000800000000)
  region size 4096K, 4 young (16384K), 4 survivors (16384K)
 Metaspace       used 130205K, committed 131200K, reserved 1163264K
  class space    used 17922K, committed 18368K, reserved 1048576K
}
Event: 74.243 GC heap before
{Heap before GC invocations=54 (full 0):
 garbage-first heap   total 352256K, used 282585K [0x0000000600000000, 0x0000000800000000)
  region size 4096K, 25 young (102400K), 4 survivors (16384K)
 Metaspace       used 130279K, committed 131200K, reserved 1163264K
  class space    used 17931K, committed 18368K, reserved 1048576K
}
Event: 74.370 GC heap after
{Heap after GC invocations=55 (full 0):
 garbage-first heap   total 352256K, used 216877K [0x0000000600000000, 0x0000000800000000)
  region size 4096K, 4 young (16384K), 4 survivors (16384K)
 Metaspace       used 130279K, committed 131200K, reserved 1163264K
  class space    used 17931K, committed 18368K, reserved 1048576K
}
Event: 76.030 GC heap before
{Heap before GC invocations=56 (full 0):
 garbage-first heap   total 438272K, used 274221K [0x0000000600000000, 0x0000000800000000)
  region size 4096K, 18 young (73728K), 4 survivors (16384K)
 Metaspace       used 130303K, committed 131264K, reserved 1163264K
  class space    used 17931K, committed 18368K, reserved 1048576K
}
Event: 76.228 GC heap after
{Heap after GC invocations=57 (full 0):
 garbage-first heap   total 438272K, used 233472K [0x0000000600000000, 0x0000000800000000)
  region size 4096K, 3 young (12288K), 3 survivors (12288K)
 Metaspace       used 130303K, committed 131264K, reserved 1163264K
  class space    used 17931K, committed 18368K, reserved 1048576K
}
Event: 79.218 GC heap before
{Heap before GC invocations=57 (full 0):
 garbage-first heap   total 438272K, used 335872K [0x0000000600000000, 0x0000000800000000)
  region size 4096K, 28 young (114688K), 3 survivors (12288K)
 Metaspace       used 130303K, committed 131264K, reserved 1163264K
  class space    used 17931K, committed 18368K, reserved 1048576K
}
Event: 79.324 GC heap after
{Heap after GC invocations=58 (full 0):
 garbage-first heap   total 438272K, used 261834K [0x0000000600000000, 0x0000000800000000)
  region size 4096K, 4 young (16384K), 4 survivors (16384K)
 Metaspace       used 130303K, committed 131264K, reserved 1163264K
  class space    used 17931K, committed 18368K, reserved 1048576K
}
Event: 81.813 GC heap before
{Heap before GC invocations=59 (full 0):
 garbage-first heap   total 548864K, used 335562K [0x0000000600000000, 0x0000000800000000)
  region size 4096K, 22 young (90112K), 4 survivors (16384K)
 Metaspace       used 131964K, committed 132928K, reserved 1163264K
  class space    used 18197K, committed 18624K, reserved 1048576K
}
Event: 81.969 GC heap after
{Heap after GC invocations=60 (full 0):
 garbage-first heap   total 548864K, used 277600K [0x0000000600000000, 0x0000000800000000)
  region size 4096K, 3 young (12288K), 3 survivors (12288K)
 Metaspace       used 131964K, committed 132928K, reserved 1163264K
  class space    used 18197K, committed 18624K, reserved 1048576K
}
Event: 84.925 GC heap before
{Heap before GC invocations=60 (full 0):
 garbage-first heap   total 548864K, used 392288K [0x0000000600000000, 0x0000000800000000)
  region size 4096K, 31 young (126976K), 3 survivors (12288K)
 Metaspace       used 133264K, committed 134272K, reserved 1171456K
  class space    used 18364K, committed 18816K, reserved 1048576K
}

