# JRE version: OpenJDK Runtime Environment (17.0.6) (build 17.0.6+0-b2043.56-10027231)
# Java VM: OpenJDK 64-Bit Server VM (17.0.6+0-b2043.56-10027231, mixed mode, tiered, compressed oops, compressed class ptrs, g1 gc, windows-amd64)
GC Precious Log:
 CPUs: 4 total, 4 available
 Memory: 3753M
 Large Page Support: Disabled
 NUMA Support: Disabled
 Compressed Oops: Enabled (Zero based)
 Heap Region Size: 4M
 Heap Min Capacity: 8M
 Heap Initial Capacity: 60M
 Heap Max Capacity: 8G
 Pre-touch: Disabled
 Parallel Workers: 4
 Concurrent Workers: 1
 Concurrent Refinement Workers: 4
 Periodic GC: Disabled
Heap:
 garbage-first heap   total 344064K, used 202534K [0x0000000600000000, 0x0000000800000000)
  region size 4096K, 18 young (73728K), 5 survivors (20480K)
 Metaspace       used 119465K, committed 120320K, reserved 1155072K
  class space    used 16625K, committed 17024K, reserved 1048576K
GC Heap History (20 events):
Event: 31.797 GC heap before
{Heap before GC invocations=33 (full 0):
 garbage-first heap   total 237568K, used 186739K [0x0000000600000000, 0x0000000800000000)
  region size 4096K, 33 young (135168K), 2 survivors (8192K)
 Metaspace       used 77185K, committed 77824K, reserved 1122304K
  class space    used 10834K, committed 11136K, reserved 1048576K
}
Event: 31.861 GC heap after
{Heap after GC invocations=34 (full 0):
 garbage-first heap   total 237568K, used 67598K [0x0000000600000000, 0x0000000800000000)
  region size 4096K, 4 young (16384K), 4 survivors (16384K)
 Metaspace       used 77185K, committed 77824K, reserved 1122304K
  class space    used 10834K, committed 11136K, reserved 1048576K
}
Event: 34.264 GC heap before
{Heap before GC invocations=34 (full 0):
 garbage-first heap   total 237568K, used 178190K [0x0000000600000000, 0x0000000800000000)
  region size 4096K, 30 young (122880K), 4 survivors (16384K)
 Metaspace       used 78323K, committed 78912K, reserved 1122304K
  class space    used 10918K, committed 11200K, reserved 1048576K
}
Event: 34.336 GC heap after
{Heap after GC invocations=35 (full 0):
 garbage-first heap   total 237568K, used 85135K [0x0000000600000000, 0x0000000800000000)
  region size 4096K, 4 young (16384K), 4 survivors (16384K)
 Metaspace       used 78323K, committed 78912K, reserved 1122304K
  class space    used 10918K, committed 11200K, reserved 1048576K
}
Event: 37.181 GC heap before
{Heap before GC invocations=35 (full 0):
 garbage-first heap   total 237568K, used 175247K [0x0000000600000000, 0x0000000800000000)
  region size 4096K, 27 young (110592K), 4 survivors (16384K)
 Metaspace       used 86075K, committed 86720K, reserved 1130496K
  class space    used 11848K, committed 12160K, reserved 1048576K
}
Event: 37.226 GC heap after
{Heap after GC invocations=36 (full 0):
 garbage-first heap   total 237568K, used 94100K [0x0000000600000000, 0x0000000800000000)
  region size 4096K, 3 young (12288K), 3 survivors (12288K)
 Metaspace       used 86075K, committed 86720K, reserved 1130496K
  class space    used 11848K, committed 12160K, reserved 1048576K
}
Event: 38.901 GC heap before
{Heap before GC invocations=36 (full 0):
 garbage-first heap   total 237568K, used 180116K [0x0000000600000000, 0x0000000800000000)
  region size 4096K, 24 young (98304K), 3 survivors (12288K)
 Metaspace       used 91532K, committed 92288K, reserved 1130496K
  class space    used 12576K, committed 12928K, reserved 1048576K
}
Event: 38.930 GC heap after
{Heap after GC invocations=37 (full 0):
 garbage-first heap   total 237568K, used 102617K [0x0000000600000000, 0x0000000800000000)
  region size 4096K, 3 young (12288K), 3 survivors (12288K)
 Metaspace       used 91532K, committed 92288K, reserved 1130496K
  class space    used 12576K, committed 12928K, reserved 1048576K
}
Event: 40.170 GC heap before
{Heap before GC invocations=37 (full 0):
 garbage-first heap   total 237568K, used 180441K [0x0000000600000000, 0x0000000800000000)
  region size 4096K, 22 young (90112K), 3 survivors (12288K)
 Metaspace       used 93765K, committed 94528K, reserved 1130496K
  class space    used 12890K, committed 13248K, reserved 1048576K
}
Event: 40.190 GC heap after
{Heap after GC invocations=38 (full 0):
 garbage-first heap   total 286720K, used 112580K [0x0000000600000000, 0x0000000800000000)
  region size 4096K, 2 young (8192K), 2 survivors (8192K)
 Metaspace       used 93765K, committed 94528K, reserved 1130496K
  class space    used 12890K, committed 13248K, reserved 1048576K
}
Event: 42.151 GC heap before
{Heap before GC invocations=38 (full 0):
 garbage-first heap   total 286720K, used 219076K [0x0000000600000000, 0x0000000800000000)
  region size 4096K, 28 young (114688K), 2 survivors (8192K)
 Metaspace       used 94131K, committed 94848K, reserved 1130496K
  class space    used 12910K, committed 13248K, reserved 1048576K
}
Event: 42.173 GC heap after
{Heap after GC invocations=39 (full 0):
 garbage-first heap   total 286720K, used 117416K [0x0000000600000000, 0x0000000800000000)
  region size 4096K, 3 young (12288K), 3 survivors (12288K)
 Metaspace       used 94131K, committed 94848K, reserved 1130496K
  class space    used 12910K, committed 13248K, reserved 1048576K
}
Event: 44.591 GC heap before
{Heap before GC invocations=39 (full 0):
 garbage-first heap   total 286720K, used 228008K [0x0000000600000000, 0x0000000800000000)
  region size 4096K, 29 young (118784K), 3 survivors (12288K)
 Metaspace       used 96199K, committed 96960K, reserved 1138688K
  class space    used 13195K, committed 13568K, reserved 1048576K
}
Event: 44.622 GC heap after
{Heap after GC invocations=40 (full 0):
 garbage-first heap   total 286720K, used 134339K [0x0000000600000000, 0x0000000800000000)
  region size 4096K, 4 young (16384K), 4 survivors (16384K)
 Metaspace       used 96199K, committed 96960K, reserved 1138688K
  class space    used 13195K, committed 13568K, reserved 1048576K
}
Event: 46.659 GC heap before
{Heap before GC invocations=40 (full 0):
 garbage-first heap   total 286720K, used 224451K [0x0000000600000000, 0x0000000800000000)
  region size 4096K, 26 young (106496K), 4 survivors (16384K)
 Metaspace       used 103034K, committed 103744K, reserved 1138688K
  class space    used 14324K, committed 14656K, reserved 1048576K
}
Event: 46.683 GC heap after
{Heap after GC invocations=41 (full 0):
 garbage-first heap   total 286720K, used 139118K [0x0000000600000000, 0x0000000800000000)
  region size 4096K, 1 young (4096K), 1 survivors (4096K)
 Metaspace       used 103034K, committed 103744K, reserved 1138688K
  class space    used 14324K, committed 14656K, reserved 1048576K
}
Event: 48.612 GC heap before
{Heap before GC invocations=41 (full 0):
 garbage-first heap   total 286720K, used 225134K [0x0000000600000000, 0x0000000800000000)
  region size 4096K, 22 young (90112K), 1 survivors (4096K)
 Metaspace       used 107400K, committed 108288K, reserved 1146880K
  class space    used 14901K, committed 15296K, reserved 1048576K
}
Event: 48.637 GC heap after
{Heap after GC invocations=42 (full 0):
 garbage-first heap   total 344064K, used 144387K [0x0000000600000000, 0x0000000800000000)
  region size 4096K, 3 young (12288K), 3 survivors (12288K)
 Metaspace       used 107400K, committed 108288K, reserved 1146880K
  class space    used 14901K, committed 15296K, reserved 1048576K
}
Event: 52.344 GC heap before
{Heap before GC invocations=43 (full 0):
 garbage-first heap   total 344064K, used 267267K [0x0000000600000000, 0x0000000800000000)
  region size 4096K, 33 young (135168K), 3 survivors (12288K)
 Metaspace       used 115540K, committed 116480K, reserved 1155072K
  class space    used 16102K, committed 16576K, reserved 1048576K
}
Event: 52.382 GC heap after
{Heap after GC invocations=44 (full 0):
 garbage-first heap   total 344064K, used 153382K [0x0000000600000000, 0x0000000800000000)
  region size 4096K, 5 young (20480K), 5 survivors (20480K)
 Metaspace       used 115540K, committed 116480K, reserved 1155072K
  class space    used 16102K, committed 16576K, reserved 1048576K
}

