# JRE version: OpenJDK Runtime Environment (17.0.6) (build 17.0.6+0-b2043.56-10027231)
# Java VM: OpenJDK 64-Bit Server VM (17.0.6+0-b2043.56-10027231, mixed mode, tiered, compressed oops, compressed class ptrs, g1 gc, windows-amd64)
GC Precious Log:
 CPUs: 4 total, 4 available
 Memory: 3753M
 Large Page Support: Disabled
 NUMA Support: Disabled
 Compressed Oops: Enabled (Zero based)
 Heap Region Size: 4M
 Heap Min Capacity: 8M
 Heap Initial Capacity: 60M
 Heap Max Capacity: 8G
 Pre-touch: Disabled
 Parallel Workers: 4
 Concurrent Workers: 1
 Concurrent Refinement Workers: 4
 Periodic GC: Disabled
Heap:
 garbage-first heap   total 491520K, used 189679K [0x0000000600000000, 0x0000000800000000)
  region size 4096K, 2 young (8192K), 2 survivors (8192K)
 Metaspace       used 163625K, committed 164864K, reserved 1196032K
  class space    used 21897K, committed 22464K, reserved 1048576K
GC Heap History (20 events):
Event: 314.637 GC heap after
{Heap after GC invocations=92 (full 0):
 garbage-first heap   total 409600K, used 171724K [0x0000000600000000, 0x0000000800000000)
  region size 4096K, 2 young (8192K), 2 survivors (8192K)
 Metaspace       used 140385K, committed 141504K, reserved 1171456K
  class space    used 18931K, committed 19456K, reserved 1048576K
}
Event: 332.272 GC heap before
{Heap before GC invocations=92 (full 0):
 garbage-first heap   total 409600K, used 200396K [0x0000000600000000, 0x0000000800000000)
  region size 4096K, 7 young (28672K), 2 survivors (8192K)
 Metaspace       used 140404K, committed 141504K, reserved 1171456K
  class space    used 18931K, committed 19456K, reserved 1048576K
}
Event: 332.315 GC heap after
{Heap after GC invocations=93 (full 0):
 garbage-first heap   total 491520K, used 176106K [0x0000000600000000, 0x0000000800000000)
  region size 4096K, 2 young (8192K), 2 survivors (8192K)
 Metaspace       used 140404K, committed 141504K, reserved 1171456K
  class space    used 18931K, committed 19456K, reserved 1048576K
}
Event: 332.924 GC heap before
{Heap before GC invocations=93 (full 0):
 garbage-first heap   total 491520K, used 217066K [0x0000000600000000, 0x0000000800000000)
  region size 4096K, 3 young (12288K), 2 survivors (8192K)
 Metaspace       used 140404K, committed 141504K, reserved 1171456K
  class space    used 18931K, committed 19456K, reserved 1048576K
}
Event: 332.937 GC heap after
{Heap after GC invocations=94 (full 0):
 garbage-first heap   total 491520K, used 192507K [0x0000000600000000, 0x0000000800000000)
  region size 4096K, 2 young (8192K), 2 survivors (8192K)
 Metaspace       used 140404K, committed 141504K, reserved 1171456K
  class space    used 18931K, committed 19456K, reserved 1048576K
}
Event: 335.837 GC heap before
{Heap before GC invocations=94 (full 0):
 garbage-first heap   total 491520K, used 229371K [0x0000000600000000, 0x0000000800000000)
  region size 4096K, 5 young (20480K), 2 survivors (8192K)
 Metaspace       used 140406K, committed 141504K, reserved 1171456K
  class space    used 18931K, committed 19456K, reserved 1048576K
}
Event: 335.849 GC heap after
{Heap after GC invocations=95 (full 0):
 garbage-first heap   total 491520K, used 180221K [0x0000000600000000, 0x0000000800000000)
  region size 4096K, 2 young (8192K), 2 survivors (8192K)
 Metaspace       used 140406K, committed 141504K, reserved 1171456K
  class space    used 18931K, committed 19456K, reserved 1048576K
}
Event: 347.726 GC heap before
{Heap before GC invocations=95 (full 0):
 garbage-first heap   total 491520K, used 225277K [0x0000000600000000, 0x0000000800000000)
  region size 4096K, 5 young (20480K), 2 survivors (8192K)
 Metaspace       used 140407K, committed 141504K, reserved 1171456K
  class space    used 18931K, committed 19456K, reserved 1048576K
}
Event: 347.737 GC heap after
{Heap after GC invocations=96 (full 0):
 garbage-first heap   total 491520K, used 180219K [0x0000000600000000, 0x0000000800000000)
  region size 4096K, 2 young (8192K), 2 survivors (8192K)
 Metaspace       used 140407K, committed 141504K, reserved 1171456K
  class space    used 18931K, committed 19456K, reserved 1048576K
}
Event: 352.790 GC heap before
{Heap before GC invocations=96 (full 0):
 garbage-first heap   total 491520K, used 294907K [0x0000000600000000, 0x0000000800000000)
  region size 4096K, 20 young (81920K), 2 survivors (8192K)
 Metaspace       used 143495K, committed 144576K, reserved 1179648K
  class space    used 19275K, committed 19776K, reserved 1048576K
}
Event: 352.806 GC heap after
{Heap after GC invocations=97 (full 0):
 garbage-first heap   total 491520K, used 173916K [0x0000000600000000, 0x0000000800000000)
  region size 4096K, 3 young (12288K), 3 survivors (12288K)
 Metaspace       used 143495K, committed 144576K, reserved 1179648K
  class space    used 19275K, committed 19776K, reserved 1048576K
}
Event: 404.809 GC heap before
{Heap before GC invocations=97 (full 0):
 garbage-first heap   total 491520K, used 444252K [0x0000000600000000, 0x0000000800000000)
  region size 4096K, 62 young (253952K), 3 survivors (12288K)
 Metaspace       used 158275K, committed 159488K, reserved 1187840K
  class space    used 21164K, committed 21696K, reserved 1048576K
}
Event: 405.901 GC heap after
{Heap after GC invocations=98 (full 0):
 garbage-first heap   total 491520K, used 188122K [0x0000000600000000, 0x0000000800000000)
  region size 4096K, 6 young (24576K), 6 survivors (24576K)
 Metaspace       used 158275K, committed 159488K, reserved 1187840K
  class space    used 21164K, committed 21696K, reserved 1048576K
}
Event: 406.144 GC heap before
{Heap before GC invocations=98 (full 0):
 garbage-first heap   total 491520K, used 188122K [0x0000000600000000, 0x0000000800000000)
  region size 4096K, 7 young (28672K), 6 survivors (24576K)
 Metaspace       used 158280K, committed 159488K, reserved 1187840K
  class space    used 21165K, committed 21696K, reserved 1048576K
}
Event: 406.774 GC heap after
{Heap after GC invocations=99 (full 0):
 garbage-first heap   total 491520K, used 188555K [0x0000000600000000, 0x0000000800000000)
  region size 4096K, 1 young (4096K), 1 survivors (4096K)
 Metaspace       used 158280K, committed 159488K, reserved 1187840K
  class space    used 21165K, committed 21696K, reserved 1048576K
}
Event: 408.963 GC heap before
{Heap before GC invocations=99 (full 0):
 garbage-first heap   total 491520K, used 262283K [0x0000000600000000, 0x0000000800000000)
  region size 4096K, 19 young (77824K), 1 survivors (4096K)
 Metaspace       used 158280K, committed 159488K, reserved 1187840K
  class space    used 21165K, committed 21696K, reserved 1048576K
}
Event: 408.986 GC heap after
{Heap after GC invocations=100 (full 0):
 garbage-first heap   total 491520K, used 186736K [0x0000000600000000, 0x0000000800000000)
  region size 4096K, 1 young (4096K), 1 survivors (4096K)
 Metaspace       used 158280K, committed 159488K, reserved 1187840K
  class space    used 21165K, committed 21696K, reserved 1048576K
}
Event: 418.008 GC heap before
{Heap before GC invocations=100 (full 0):
 garbage-first heap   total 491520K, used 342384K [0x0000000600000000, 0x0000000800000000)
  region size 4096K, 39 young (159744K), 1 survivors (4096K)
 Metaspace       used 163073K, committed 164224K, reserved 1196032K
  class space    used 21867K, committed 22400K, reserved 1048576K
}
Event: 418.124 GC heap after
{Heap after GC invocations=101 (full 0):
 garbage-first heap   total 491520K, used 188830K [0x0000000600000000, 0x0000000800000000)
  region size 4096K, 1 young (4096K), 1 survivors (4096K)
 Metaspace       used 163073K, committed 164224K, reserved 1196032K
  class space    used 21867K, committed 22400K, reserved 1048576K
}
Event: 586.692 GC heap before
{Heap before GC invocations=101 (full 0):
 garbage-first heap   total 491520K, used 352670K [0x0000000600000000, 0x0000000800000000)
  region size 4096K, 41 young (167936K), 1 survivors (4096K)
 Metaspace       used 163625K, committed 164864K, reserved 1196032K
  class space    used 21897K, committed 22464K, reserved 1048576K
}

