# JRE version: OpenJDK Runtime Environment (17.0.6) (build 17.0.6+0-b2043.56-10027231)
# Java VM: OpenJDK 64-Bit Server VM (17.0.6+0-b2043.56-10027231, mixed mode, tiered, compressed oops, compressed class ptrs, g1 gc, windows-amd64)
GC Precious Log:
 CPUs: 4 total, 4 available
 Memory: 3753M
 Large Page Support: Disabled
 NUMA Support: Disabled
 Compressed Oops: Enabled (Zero based)
 Heap Region Size: 4M
 Heap Min Capacity: 8M
 Heap Initial Capacity: 60M
 Heap Max Capacity: 8G
 Pre-touch: Disabled
 Parallel Workers: 4
 Concurrent Workers: 1
 Concurrent Refinement Workers: 4
 Periodic GC: Disabled
Heap:
 garbage-first heap   total 942080K, used 424863K [0x0000000600000000, 0x0000000800000000)
  region size 4096K, 9 young (36864K), 9 survivors (36864K)
 Metaspace       used 218462K, committed 219776K, reserved 1245184K
  class space    used 29149K, committed 29760K, reserved 1048576K
GC Heap History (20 events):
Event: 128.735 GC heap after
{Heap after GC invocations=92 (full 0):
 garbage-first heap   total 454656K, used 186024K [0x0000000600000000, 0x0000000800000000)
  region size 4096K, 5 young (20480K), 5 survivors (20480K)
 Metaspace       used 157452K, committed 158656K, reserved 1187840K
  class space    used 21230K, committed 21824K, reserved 1048576K
}
Event: 131.463 GC heap before
{Heap before GC invocations=92 (full 0):
 garbage-first heap   total 454656K, used 382632K [0x0000000600000000, 0x0000000800000000)
  region size 4096K, 53 young (217088K), 5 survivors (20480K)
 Metaspace       used 160515K, committed 161664K, reserved 1196032K
  class space    used 21765K, committed 22336K, reserved 1048576K
}
Event: 131.535 GC heap after
{Heap after GC invocations=93 (full 0):
 garbage-first heap   total 454656K, used 200967K [0x0000000600000000, 0x0000000800000000)
  region size 4096K, 7 young (28672K), 7 survivors (28672K)
 Metaspace       used 160515K, committed 161664K, reserved 1196032K
  class space    used 21765K, committed 22336K, reserved 1048576K
}
Event: 133.011 GC heap before
{Heap before GC invocations=93 (full 0):
 garbage-first heap   total 454656K, used 364807K [0x0000000600000000, 0x0000000800000000)
  region size 4096K, 48 young (196608K), 7 survivors (28672K)
 Metaspace       used 162029K, committed 163200K, reserved 1196032K
  class space    used 21984K, committed 22528K, reserved 1048576K
}
Event: 133.164 GC heap after
{Heap after GC invocations=94 (full 0):
 garbage-first heap   total 454656K, used 233320K [0x0000000600000000, 0x0000000800000000)
  region size 4096K, 6 young (24576K), 6 survivors (24576K)
 Metaspace       used 162029K, committed 163200K, reserved 1196032K
  class space    used 21984K, committed 22528K, reserved 1048576K
}
Event: 136.222 GC heap before
{Heap before GC invocations=94 (full 0):
 garbage-first heap   total 454656K, used 364392K [0x0000000600000000, 0x0000000800000000)
  region size 4096K, 38 young (155648K), 6 survivors (24576K)
 Metaspace       used 170051K, committed 171200K, reserved 1204224K
  class space    used 22996K, committed 23552K, reserved 1048576K
}
Event: 136.294 GC heap after
{Heap after GC invocations=95 (full 0):
 garbage-first heap   total 454656K, used 256579K [0x0000000600000000, 0x0000000800000000)
  region size 4096K, 5 young (20480K), 5 survivors (20480K)
 Metaspace       used 170051K, committed 171200K, reserved 1204224K
  class space    used 22996K, committed 23552K, reserved 1048576K
}
Event: 138.895 GC heap before
{Heap before GC invocations=96 (full 0):
 garbage-first heap   total 507904K, used 363075K [0x0000000600000000, 0x0000000800000000)
  region size 4096K, 31 young (126976K), 5 survivors (20480K)
 Metaspace       used 170952K, committed 172160K, reserved 1204224K
  class space    used 23103K, committed 23680K, reserved 1048576K
}
Event: 139.026 GC heap after
{Heap after GC invocations=97 (full 0):
 garbage-first heap   total 507904K, used 278528K [0x0000000600000000, 0x0000000800000000)
  region size 4096K, 4 young (16384K), 4 survivors (16384K)
 Metaspace       used 170952K, committed 172160K, reserved 1204224K
  class space    used 23103K, committed 23680K, reserved 1048576K
}
Event: 141.155 GC heap before
{Heap before GC invocations=97 (full 0):
 garbage-first heap   total 507904K, used 397312K [0x0000000600000000, 0x0000000800000000)
  region size 4096K, 34 young (139264K), 4 survivors (16384K)
 Metaspace       used 176049K, committed 177216K, reserved 1204224K
  class space    used 23653K, committed 24192K, reserved 1048576K
}
Event: 141.275 GC heap after
{Heap after GC invocations=98 (full 0):
 garbage-first heap   total 942080K, used 307200K [0x0000000600000000, 0x0000000800000000)
  region size 4096K, 5 young (20480K), 5 survivors (20480K)
 Metaspace       used 176049K, committed 177216K, reserved 1204224K
  class space    used 23653K, committed 24192K, reserved 1048576K
}
Event: 148.468 GC heap before
{Heap before GC invocations=99 (full 0):
 garbage-first heap   total 942080K, used 565248K [0x0000000600000000, 0x0000000800000000)
  region size 4096K, 68 young (278528K), 5 survivors (20480K)
 Metaspace       used 190505K, committed 191744K, reserved 1220608K
  class space    used 25341K, committed 25920K, reserved 1048576K
}
Event: 148.793 GC heap after
{Heap after GC invocations=100 (full 0):
 garbage-first heap   total 942080K, used 355711K [0x0000000600000000, 0x0000000800000000)
  region size 4096K, 9 young (36864K), 9 survivors (36864K)
 Metaspace       used 190505K, committed 191744K, reserved 1220608K
  class space    used 25341K, committed 25920K, reserved 1048576K
}
Event: 151.418 GC heap before
{Heap before GC invocations=100 (full 0):
 garbage-first heap   total 942080K, used 445823K [0x0000000600000000, 0x0000000800000000)
  region size 4096K, 31 young (126976K), 9 survivors (36864K)
 Metaspace       used 193922K, committed 195136K, reserved 1220608K
  class space    used 25778K, committed 26368K, reserved 1048576K
}
Event: 151.570 GC heap after
{Heap after GC invocations=101 (full 0):
 garbage-first heap   total 942080K, used 367488K [0x0000000600000000, 0x0000000800000000)
  region size 4096K, 3 young (12288K), 3 survivors (12288K)
 Metaspace       used 193922K, committed 195136K, reserved 1220608K
  class space    used 25778K, committed 26368K, reserved 1048576K
}
Event: 155.974 GC heap before
{Heap before GC invocations=101 (full 0):
 garbage-first heap   total 942080K, used 596864K [0x0000000600000000, 0x0000000800000000)
  region size 4096K, 55 young (225280K), 3 survivors (12288K)
 Metaspace       used 202647K, committed 203840K, reserved 1228800K
  class space    used 26761K, committed 27328K, reserved 1048576K
}
Event: 156.067 GC heap after
{Heap after GC invocations=102 (full 0):
 garbage-first heap   total 942080K, used 391118K [0x0000000600000000, 0x0000000800000000)
  region size 4096K, 7 young (28672K), 7 survivors (28672K)
 Metaspace       used 202647K, committed 203840K, reserved 1228800K
  class space    used 26761K, committed 27328K, reserved 1048576K
}
Event: 158.517 GC heap before
{Heap before GC invocations=102 (full 0):
 garbage-first heap   total 942080K, used 567246K [0x0000000600000000, 0x0000000800000000)
  region size 4096K, 50 young (204800K), 7 survivors (28672K)
 Metaspace       used 214626K, committed 215872K, reserved 1236992K
  class space    used 28625K, committed 29184K, reserved 1048576K
}
Event: 158.618 GC heap after
{Heap after GC invocations=103 (full 0):
 garbage-first heap   total 942080K, used 408064K [0x0000000600000000, 0x0000000800000000)
  region size 4096K, 5 young (20480K), 5 survivors (20480K)
 Metaspace       used 214626K, committed 215872K, reserved 1236992K
  class space    used 28625K, committed 29184K, reserved 1048576K
}
Event: 165.192 GC heap before
{Heap before GC invocations=103 (full 0):
 garbage-first heap   total 942080K, used 690688K [0x0000000600000000, 0x0000000800000000)
  region size 4096K, 74 young (303104K), 5 survivors (20480K)
 Metaspace       used 218462K, committed 219776K, reserved 1245184K
  class space    used 29149K, committed 29760K, reserved 1048576K
}

