# JRE version: OpenJDK Runtime Environment (17.0.6) (build 17.0.6+0-b2043.56-10027231)
# Java VM: OpenJDK 64-Bit Server VM (17.0.6+0-b2043.56-10027231, mixed mode, tiered, compressed oops, compressed class ptrs, g1 gc, windows-amd64)
GC Precious Log:
 CPUs: 4 total, 4 available
 Memory: 3753M
 Large Page Support: Disabled
 NUMA Support: Disabled
 Compressed Oops: Enabled (Zero based)
 Heap Region Size: 4M
 Heap Min Capacity: 8M
 Heap Initial Capacity: 60M
 Heap Max Capacity: 8G
 Pre-touch: Disabled
 Parallel Workers: 4
 Concurrent Workers: 1
 Concurrent Refinement Workers: 4
 Periodic GC: Disabled
Heap:
 garbage-first heap   total 1449984K, used 438272K [0x0000000600000000, 0x0000000800000000)
  region size 4096K, 3 young (12288K), 3 survivors (12288K)
 Metaspace       used 204402K, committed 205952K, reserved 1228800K
  class space    used 27103K, committed 27776K, reserved 1048576K
GC Heap History (20 events):
Event: 78.016 GC heap after
{Heap after GC invocations=94 (full 0):
 garbage-first heap   total 663552K, used 278258K [0x0000000600000000, 0x0000000800000000)
  region size 4096K, 5 young (20480K), 5 survivors (20480K)
 Metaspace       used 165584K, committed 167104K, reserved 1196032K
  class space    used 22290K, committed 22976K, reserved 1048576K
}
Event: 96.323 GC heap before
{Heap before GC invocations=95 (full 0):
 garbage-first heap   total 663552K, used 515826K [0x0000000600000000, 0x0000000800000000)
  region size 4096K, 63 young (258048K), 5 survivors (20480K)
 Metaspace       used 194684K, committed 196160K, reserved 1220608K
  class space    used 25867K, committed 26560K, reserved 1048576K
}
Event: 96.710 GC heap after
{Heap after GC invocations=96 (full 0):
 garbage-first heap   total 663552K, used 304461K [0x0000000600000000, 0x0000000800000000)
  region size 4096K, 7 young (28672K), 7 survivors (28672K)
 Metaspace       used 194684K, committed 196160K, reserved 1220608K
  class space    used 25867K, committed 26560K, reserved 1048576K
}
Event: 97.285 GC heap before
{Heap before GC invocations=96 (full 0):
 garbage-first heap   total 663552K, used 308557K [0x0000000600000000, 0x0000000800000000)
  region size 4096K, 8 young (32768K), 7 survivors (28672K)
 Metaspace       used 195655K, committed 197184K, reserved 1220608K
  class space    used 25988K, committed 26688K, reserved 1048576K
}
Event: 97.554 GC heap after
{Heap after GC invocations=97 (full 0):
 garbage-first heap   total 663552K, used 305629K [0x0000000600000000, 0x0000000800000000)
  region size 4096K, 1 young (4096K), 1 survivors (4096K)
 Metaspace       used 195655K, committed 197184K, reserved 1220608K
  class space    used 25988K, committed 26688K, reserved 1048576K
}
Event: 128.762 GC heap before
{Heap before GC invocations=97 (full 0):
 garbage-first heap   total 663552K, used 518621K [0x0000000600000000, 0x0000000800000000)
  region size 4096K, 54 young (221184K), 1 survivors (4096K)
 Metaspace       used 198755K, committed 200320K, reserved 1228800K
  class space    used 26369K, committed 27072K, reserved 1048576K
}
Event: 129.265 GC heap after
{Heap after GC invocations=98 (full 0):
 garbage-first heap   total 663552K, used 328860K [0x0000000600000000, 0x0000000800000000)
  region size 4096K, 7 young (28672K), 7 survivors (28672K)
 Metaspace       used 198755K, committed 200320K, reserved 1228800K
  class space    used 26369K, committed 27072K, reserved 1048576K
}
Event: 129.977 GC heap before
{Heap before GC invocations=98 (full 0):
 garbage-first heap   total 663552K, used 332956K [0x0000000600000000, 0x0000000800000000)
  region size 4096K, 9 young (36864K), 7 survivors (28672K)
 Metaspace       used 198800K, committed 200320K, reserved 1228800K
  class space    used 26375K, committed 27072K, reserved 1048576K
}
Event: 130.269 GC heap after
{Heap after GC invocations=99 (full 0):
 garbage-first heap   total 663552K, used 333341K [0x0000000600000000, 0x0000000800000000)
  region size 4096K, 2 young (8192K), 2 survivors (8192K)
 Metaspace       used 198800K, committed 200320K, reserved 1228800K
  class space    used 26375K, committed 27072K, reserved 1048576K
}
Event: 139.107 GC heap before
{Heap before GC invocations=100 (full 0):
 garbage-first heap   total 724992K, used 452125K [0x0000000600000000, 0x0000000800000000)
  region size 4096K, 31 young (126976K), 2 survivors (8192K)
 Metaspace       used 203186K, committed 204672K, reserved 1228800K
  class space    used 26970K, committed 27648K, reserved 1048576K
}
Event: 139.167 GC heap after
{Heap after GC invocations=101 (full 0):
 garbage-first heap   total 724992K, used 355325K [0x0000000600000000, 0x0000000800000000)
  region size 4096K, 4 young (16384K), 4 survivors (16384K)
 Metaspace       used 203186K, committed 204672K, reserved 1228800K
  class space    used 26970K, committed 27648K, reserved 1048576K
}
Event: 139.630 GC heap before
{Heap before GC invocations=101 (full 0):
 garbage-first heap   total 724992K, used 371709K [0x0000000600000000, 0x0000000800000000)
  region size 4096K, 8 young (32768K), 4 survivors (16384K)
 Metaspace       used 204213K, committed 205696K, reserved 1228800K
  class space    used 27090K, committed 27776K, reserved 1048576K
}
Event: 139.731 GC heap after
{Heap after GC invocations=102 (full 0):
 garbage-first heap   total 1449984K, used 358788K [0x0000000600000000, 0x0000000800000000)
  region size 4096K, 1 young (4096K), 1 survivors (4096K)
 Metaspace       used 204213K, committed 205696K, reserved 1228800K
  class space    used 27090K, committed 27776K, reserved 1048576K
}
Event: 142.192 GC heap before
{Heap before GC invocations=102 (full 0):
 garbage-first heap   total 1449984K, used 530820K [0x0000000600000000, 0x0000000800000000)
  region size 4096K, 43 young (176128K), 1 survivors (4096K)
 Metaspace       used 204344K, committed 205888K, reserved 1228800K
  class space    used 27096K, committed 27776K, reserved 1048576K
}
Event: 143.155 GC heap after
{Heap after GC invocations=103 (full 0):
 garbage-first heap   total 1449984K, used 395726K [0x0000000600000000, 0x0000000800000000)
  region size 4096K, 6 young (24576K), 6 survivors (24576K)
 Metaspace       used 204344K, committed 205888K, reserved 1228800K
  class space    used 27096K, committed 27776K, reserved 1048576K
}
Event: 143.824 GC heap before
{Heap before GC invocations=103 (full 0):
 garbage-first heap   total 1449984K, used 436686K [0x0000000600000000, 0x0000000800000000)
  region size 4096K, 17 young (69632K), 6 survivors (24576K)
 Metaspace       used 204348K, committed 205888K, reserved 1228800K
  class space    used 27096K, committed 27776K, reserved 1048576K
}
Event: 144.080 GC heap after
{Heap after GC invocations=104 (full 0):
 garbage-first heap   total 1449984K, used 408191K [0x0000000600000000, 0x0000000800000000)
  region size 4096K, 3 young (12288K), 3 survivors (12288K)
 Metaspace       used 204348K, committed 205888K, reserved 1228800K
  class space    used 27096K, committed 27776K, reserved 1048576K
}
Event: 145.805 GC heap before
{Heap before GC invocations=104 (full 0):
 garbage-first heap   total 1449984K, used 465535K [0x0000000600000000, 0x0000000800000000)
  region size 4096K, 17 young (69632K), 3 survivors (12288K)
 Metaspace       used 204350K, committed 205888K, reserved 1228800K
  class space    used 27096K, committed 27776K, reserved 1048576K
}
Event: 145.888 GC heap after
{Heap after GC invocations=105 (full 0):
 garbage-first heap   total 1449984K, used 421888K [0x0000000600000000, 0x0000000800000000)
  region size 4096K, 3 young (12288K), 3 survivors (12288K)
 Metaspace       used 204350K, committed 205888K, reserved 1228800K
  class space    used 27096K, committed 27776K, reserved 1048576K
}
Event: 146.258 GC heap before
{Heap before GC invocations=105 (full 0):
 garbage-first heap   total 1449984K, used 479232K [0x0000000600000000, 0x0000000800000000)
  region size 4096K, 17 young (69632K), 3 survivors (12288K)
 Metaspace       used 204402K, committed 205952K, reserved 1228800K
  class space    used 27103K, committed 27776K, reserved 1048576K
}

