# JRE version: OpenJDK Runtime Environment (17.0.6) (build 17.0.6+0-b2043.56-10027231)
# Java VM: OpenJDK 64-Bit Server VM (17.0.6+0-b2043.56-10027231, mixed mode, tiered, compressed oops, compressed class ptrs, g1 gc, windows-amd64)
GC Precious Log:
 CPUs: 4 total, 4 available
 Memory: 3753M
 Large Page Support: Disabled
 NUMA Support: Disabled
 Compressed Oops: Enabled (Zero based)
 Heap Region Size: 4M
 Heap Min Capacity: 8M
 Heap Initial Capacity: 60M
 Heap Max Capacity: 8G
 Pre-touch: Disabled
 Parallel Workers: 4
 Concurrent Workers: 1
 Concurrent Refinement Workers: 4
 Periodic GC: Disabled
Heap:
 garbage-first heap   total 1212416K, used 341406K [0x0000000600000000, 0x0000000800000000)
  region size 4096K, 4 young (16384K), 4 survivors (16384K)
 Metaspace       used 160632K, committed 162176K, reserved 1196032K
  class space    used 21411K, committed 22144K, reserved 1048576K
GC Heap History (20 events):
Event: 241.298 GC heap after
{Heap after GC invocations=69 (full 0):
 garbage-first heap   total 606208K, used 203036K [0x0000000600000000, 0x0000000800000000)
  region size 4096K, 1 young (4096K), 1 survivors (4096K)
 Metaspace       used 125474K, committed 126656K, reserved 1163264K
  class space    used 17448K, committed 17984K, reserved 1048576K
}
Event: 251.101 GC heap before
{Heap before GC invocations=69 (full 0):
 garbage-first heap   total 606208K, used 268572K [0x0000000600000000, 0x0000000800000000)
  region size 4096K, 18 young (73728K), 1 survivors (4096K)
 Metaspace       used 127501K, committed 128768K, reserved 1163264K
  class space    used 17622K, committed 18240K, reserved 1048576K
}
Event: 251.120 GC heap after
{Heap after GC invocations=70 (full 0):
 garbage-first heap   total 606208K, used 204324K [0x0000000600000000, 0x0000000800000000)
  region size 4096K, 2 young (8192K), 2 survivors (8192K)
 Metaspace       used 127501K, committed 128768K, reserved 1163264K
  class space    used 17622K, committed 18240K, reserved 1048576K
}
Event: 256.494 GC heap before
{Heap before GC invocations=70 (full 0):
 garbage-first heap   total 606208K, used 282148K [0x0000000600000000, 0x0000000800000000)
  region size 4096K, 22 young (90112K), 2 survivors (8192K)
 Metaspace       used 127814K, committed 129152K, reserved 1163264K
  class space    used 17651K, committed 18304K, reserved 1048576K
}
Event: 256.529 GC heap after
{Heap after GC invocations=71 (full 0):
 garbage-first heap   total 606208K, used 208151K [0x0000000600000000, 0x0000000800000000)
  region size 4096K, 3 young (12288K), 3 survivors (12288K)
 Metaspace       used 127814K, committed 129152K, reserved 1163264K
  class space    used 17651K, committed 18304K, reserved 1048576K
}
Event: 259.282 GC heap before
{Heap before GC invocations=71 (full 0):
 garbage-first heap   total 606208K, used 302359K [0x0000000600000000, 0x0000000800000000)
  region size 4096K, 25 young (102400K), 3 survivors (12288K)
 Metaspace       used 130660K, committed 132096K, reserved 1163264K
  class space    used 18001K, committed 18688K, reserved 1048576K
}
Event: 259.354 GC heap after
{Heap after GC invocations=72 (full 0):
 garbage-first heap   total 606208K, used 222397K [0x0000000600000000, 0x0000000800000000)
  region size 4096K, 4 young (16384K), 4 survivors (16384K)
 Metaspace       used 130660K, committed 132096K, reserved 1163264K
  class space    used 18001K, committed 18688K, reserved 1048576K
}
Event: 261.775 GC heap before
{Heap before GC invocations=72 (full 0):
 garbage-first heap   total 606208K, used 300221K [0x0000000600000000, 0x0000000800000000)
  region size 4096K, 24 young (98304K), 4 survivors (16384K)
 Metaspace       used 140547K, committed 142016K, reserved 1171456K
  class space    used 18994K, committed 19648K, reserved 1048576K
}
Event: 261.814 GC heap after
{Heap after GC invocations=73 (full 0):
 garbage-first heap   total 606208K, used 225078K [0x0000000600000000, 0x0000000800000000)
  region size 4096K, 3 young (12288K), 3 survivors (12288K)
 Metaspace       used 140547K, committed 142016K, reserved 1171456K
  class space    used 18994K, committed 19648K, reserved 1048576K
}
Event: 265.859 GC heap before
{Heap before GC invocations=73 (full 0):
 garbage-first heap   total 606208K, used 405302K [0x0000000600000000, 0x0000000800000000)
  region size 4096K, 48 young (196608K), 3 survivors (12288K)
 Metaspace       used 151652K, committed 153152K, reserved 1187840K
  class space    used 20332K, committed 20992K, reserved 1048576K
}
Event: 265.926 GC heap after
{Heap after GC invocations=74 (full 0):
 garbage-first heap   total 1212416K, used 246638K [0x0000000600000000, 0x0000000800000000)
  region size 4096K, 6 young (24576K), 6 survivors (24576K)
 Metaspace       used 151652K, committed 153152K, reserved 1187840K
  class space    used 20332K, committed 20992K, reserved 1048576K
}
Event: 267.058 GC heap before
{Heap before GC invocations=74 (full 0):
 garbage-first heap   total 1212416K, used 308078K [0x0000000600000000, 0x0000000800000000)
  region size 4096K, 22 young (90112K), 6 survivors (24576K)
 Metaspace       used 152585K, committed 154112K, reserved 1187840K
  class space    used 20413K, committed 21120K, reserved 1048576K
}
Event: 267.265 GC heap after
{Heap after GC invocations=75 (full 0):
 garbage-first heap   total 1212416K, used 267331K [0x0000000600000000, 0x0000000800000000)
  region size 4096K, 3 young (12288K), 3 survivors (12288K)
 Metaspace       used 152585K, committed 154112K, reserved 1187840K
  class space    used 20413K, committed 21120K, reserved 1048576K
}
Event: 269.776 GC heap before
{Heap before GC invocations=75 (full 0):
 garbage-first heap   total 1212416K, used 357443K [0x0000000600000000, 0x0000000800000000)
  region size 4096K, 26 young (106496K), 3 survivors (12288K)
 Metaspace       used 155456K, committed 156928K, reserved 1187840K
  class space    used 20784K, committed 21440K, reserved 1048576K
}
Event: 269.846 GC heap after
{Heap after GC invocations=76 (full 0):
 garbage-first heap   total 1212416K, used 283785K [0x0000000600000000, 0x0000000800000000)
  region size 4096K, 4 young (16384K), 4 survivors (16384K)
 Metaspace       used 155456K, committed 156928K, reserved 1187840K
  class space    used 20784K, committed 21440K, reserved 1048576K
}
Event: 271.778 GC heap before
{Heap before GC invocations=76 (full 0):
 garbage-first heap   total 1212416K, used 382089K [0x0000000600000000, 0x0000000800000000)
  region size 4096K, 28 young (114688K), 4 survivors (16384K)
 Metaspace       used 159194K, committed 160768K, reserved 1187840K
  class space    used 21266K, committed 22016K, reserved 1048576K
}
Event: 271.866 GC heap after
{Heap after GC invocations=77 (full 0):
 garbage-first heap   total 1212416K, used 296930K [0x0000000600000000, 0x0000000800000000)
  region size 4096K, 3 young (12288K), 3 survivors (12288K)
 Metaspace       used 159194K, committed 160768K, reserved 1187840K
  class space    used 21266K, committed 22016K, reserved 1048576K
}
Event: 273.157 GC heap before
{Heap before GC invocations=77 (full 0):
 garbage-first heap   total 1212416K, used 440290K [0x0000000600000000, 0x0000000800000000)
  region size 4096K, 38 young (155648K), 3 survivors (12288K)
 Metaspace       used 160594K, committed 162176K, reserved 1196032K
  class space    used 21410K, committed 22144K, reserved 1048576K
}
Event: 273.288 GC heap after
{Heap after GC invocations=78 (full 0):
 garbage-first heap   total 1212416K, used 320230K [0x0000000600000000, 0x0000000800000000)
  region size 4096K, 5 young (20480K), 5 survivors (20480K)
 Metaspace       used 160594K, committed 162176K, reserved 1196032K
  class space    used 21410K, committed 22144K, reserved 1048576K
}
Event: 274.285 GC heap before
{Heap before GC invocations=78 (full 0):
 garbage-first heap   total 1212416K, used 430822K [0x0000000600000000, 0x0000000800000000)
  region size 4096K, 32 young (131072K), 5 survivors (20480K)
 Metaspace       used 160632K, committed 162176K, reserved 1196032K
  class space    used 21411K, committed 22144K, reserved 1048576K
}

